<?xml version="1.0" encoding="UTF-8"?>
<testsuite xmlns:xsi="http://www.w3.org/2001/XMLSchema-instance" xsi:noNamespaceSchemaLocation="https://maven.apache.org/surefire/maven-surefire-plugin/xsd/surefire-test-report.xsd" name="TokenGeneratorTest" time="2.047" tests="21" errors="0" skipped="0" failures="0">
  <properties>
[...]
</properties>
  <testcase name="getAccessTokenAndVerify" classname="TokenGeneratorTest" time="1.177"/>
  <testcase name="futureNBFToken" classname="TokenGeneratorTest" time="0.039"/>
  <testcase name="getDiffSubKey1" classname="TokenGeneratorTest" time="0.023"/>
  <testcase name="getDiffSubKey2" classname="TokenGeneratorTest" time="0.023"/>
  <testcase name="getAccessTokenAndVerifyES256" classname="TokenGeneratorTest" time="0.049"/>
  <testcase name="getAccessTokenAndVerifyES512" classname="TokenGeneratorTest" time="0.049"/>
  <testcase name="getAccessTokenAndVerifyPS256" classname="TokenGeneratorTest" time="0.089"/>
  <testcase name="getAccessTokenAndVerifyPS512" classname="TokenGeneratorTest" time="0.017"/>
  <testcase name="getJSONInjectionAttackExpiration" classname="TokenGeneratorTest" time="0.018"/>
  <testcase name="getNaN" classname="TokenGeneratorTest" time="0.013"/>
  <testcase name="wrongIssuer" classname="TokenGeneratorTest" time="0.017"/>
  <testcase name="wrongAudience" classname="TokenGeneratorTest" time="0.018"/>
  <testcase name="getConfusion" classname="TokenGeneratorTest" time="0.241"/>
  <testcase name="wrongType" classname="TokenGeneratorTest" time="0.037"/>
  <testcase name="wrongContext" classname="TokenGeneratorTest" time="0.035"/>
  <testcase name="getAccessTokenAndVerifyRSA512" classname="TokenGeneratorTest" time="0.037"/>
  <testcase name="getAlgNone" classname="TokenGeneratorTest" time="0.013"/>
  <testcase name="getJSONInjectionAttackAudience" classname="TokenGeneratorTest" time="0.017"/>
  <testcase name="getNested" classname="TokenGeneratorTest" time="0.025"/>
  <testcase name="wrongSubject" classname="TokenGeneratorTest" time="0.02"/>
  <testcase name="pastNBFToken" classname="TokenGeneratorTest" time="0.036"/>
</testsuite>