<?xml version="1.0" encoding="UTF-8"?>
<testsuite xmlns:xsi="http://www.w3.org/2001/XMLSchema-instance" xsi:noNamespaceSchemaLocation="https://maven.apache.org/surefire/maven-surefire-plugin/xsd/surefire-test-report.xsd" name="examples.ExamplesTest" time="15.034" tests="1" errors="0" skipped="0" failures="1">
  <properties>
[...]
</properties>
  <testcase name="testParallel" classname="examples.ExamplesTest" time="14.905">
    <failure message="status code was: 404, expected: 200, response time in milliseconds: 435, url: https://jsonplaceholder.typicode.com/users/11, response: &#10;{}&#10;classpath:examples/users/users.feature:44 ==&gt; expected: &lt;0&gt; but was: &lt;1&gt;" type="org.opentest4j.AssertionFailedError"><![CDATA[org.opentest4j.AssertionFailedError: 
status code was: 404, expected: 200, response time in milliseconds: 435, url: https://jsonplaceholder.typicode.com/users/11, response: 
{}
classpath:examples/users/users.feature:44 ==> expected: <0> but was: <1>
	at examples.ExamplesTest.testParallel(ExamplesTest.java:16)
]]></failure>
    <system-out><![CDATA[09:28:01.732 [main] DEBUG com.intuit.karate.Suite - [config] classpath:karate-config.js
09:28:01.820 [main] INFO  com.intuit.karate.Suite - backed up existing 'target/karate-reports' dir to: target/karate-reports_1623396481813
09:28:06.572 [pool-1-thread-1] INFO  com.intuit.karate - karate.env system property was: null 
09:28:06.568 [pool-1-thread-2] INFO  com.intuit.karate - karate.env system property was: null 
09:28:07.983 [pool-1-thread-1] DEBUG com.intuit.karate - request:
1 > GET https://jsonplaceholder.typicode.com/users
1 > Host: jsonplaceholder.typicode.com
1 > Connection: Keep-Alive
1 > User-Agent: Apache-HttpClient/4.5.13 (Java/11.0.11)
1 > Accept-Encoding: gzip,deflate


09:28:07.987 [pool-1-thread-2] DEBUG com.intuit.karate - request:
1 > POST https://jsonplaceholder.typicode.com/users
1 > Content-Type: application/json; charset=UTF-8
1 > Content-Length: 160
1 > Host: jsonplaceholder.typicode.com
1 > Connection: Keep-Alive
1 > User-Agent: Apache-HttpClient/4.5.13 (Java/11.0.11)
1 > Accept-Encoding: gzip,deflate
{"address":{"zipcode":"54321-6789","suite":"Apt. 123","city":"Electri","street":"Has No Name"},"name":"Test User","email":"test@user.com","username":"testuser"}

09:28:09.175 [pool-1-thread-1] DEBUG com.intuit.karate - response time in milliseconds: 1119
1 < 200
1 < Date: Fri, 11 Jun 2021 07:28:20 GMT
1 < Content-Type: application/json; charset=utf-8
1 < Transfer-Encoding: chunked
1 < Connection: keep-alive
1 < X-Powered-By: Express
1 < X-Ratelimit-Limit: 1000
1 < X-Ratelimit-Remaining: 998
1 < X-Ratelimit-Reset: 1621464327
1 < Vary: Origin, Accept-Encoding
1 < Access-Control-Allow-Credentials: true
1 < Cache-Control: max-age=43200
1 < Pragma: no-cache
1 < Expires: -1
1 < X-Content-Type-Options: nosniff
1 < Etag: W/"160d-1eMSsxeJRfnVLRBmYJSbCiJZ1qQ"
1 < Via: 1.1 vegur
1 < CF-Cache-Status: HIT
1 < Age: 562
1 < cf-request-id: 0a9b91dbd4000033183426b000000001
1 < Expect-CT: max-age=604800, report-uri="https://report-uri.cloudflare.com/cdn-cgi/beacon/expect-ct"
1 < Report-To: {"endpoints":[{"url":"https:\/\/a.nel.cloudflare.com\/report\/v2?s=P%2FJYzz3TnsJwiG7%2Fp8zJpKZH%2FEb2opLrEZV3ovivkHLyfxUziuuVoB7y5dyKu%2Bzx59HXSZd6CfID%2F%2FVclISJRulHCET%2FAQN239QCfgSoETm8XK%2BgfbREqGj96tuhI59I3sYECOrreuq2Lw%3D%3D"}],"group":"cf-nel","max_age":604800}
1 < NEL: {"report_to":"cf-nel","max_age":604800}
1 < Server: cloudflare
1 < CF-RAY: 65d91f3fb83b3318-CDG
1 < alt-svc: h3-27=":443"; ma=86400, h3-28=":443"; ma=86400, h3-29=":443"; ma=86400, h3=":443"; ma=86400
[{"website":"hildegard.org","address":{"zipcode":"92998-3874","geo":{"lng":"81.1496","lat":"-37.3159"},"suite":"Apt. 556","city":"Gwenborough","street":"Kulas Light"},"phone":"1-770-736-8031 x56442","name":"Leanne Graham","company":{"bs":"harness real-time e-markets","catchPhrase":"Multi-layered client-server neural-net","name":"Romaguera-Crona"},"id":1,"email":"Sincere@april.biz","username":"Bret"},{"website":"anastasia.net","address":{"zipcode":"90566-7771","geo":{"lng":"-34.4618","lat":"-43.9509"},"suite":"Suite 879","city":"Wisokyburgh","street":"Victor Plains"},"phone":"010-692-6593 x09125","name":"Ervin Howell","company":{"bs":"synergize scalable supply-chains","catchPhrase":"Proactive didactic contingency","name":"Deckow-Crist"},"id":2,"email":"Shanna@melissa.tv","username":"Antonette"},{"website":"ramiro.info","address":{"zipcode":"59590-4157","geo":{"lng":"-47.0653","lat":"-68.6102"},"suite":"Suite 847","city":"McKenziehaven","street":"Douglas Extension"},"phone":"1-463-123-4447","name":"Clementine Bauch","company":{"bs":"e-enable strategic applications","catchPhrase":"Face to face bifurcated interface","name":"Romaguera-Jacobson"},"id":3,"email":"Nathan@yesenia.net","username":"Samantha"},{"website":"kale.biz","address":{"zipcode":"53919-4257","geo":{"lng":"-164.2990","lat":"29.4572"},"suite":"Apt. 692","city":"South Elvis","street":"Hoeger Mall"},"phone":"493-170-9623 x156","name":"Patricia Lebsack","company":{"bs":"transition cutting-edge web services","catchPhrase":"Multi-tiered zero tolerance productivity","name":"Robel-Corkery"},"id":4,"email":"Julianne.OConner@kory.org","username":"Karianne"},{"website":"demarco.info","address":{"zipcode":"33263","geo":{"lng":"62.5342","lat":"-31.8129"},"suite":"Suite 351","city":"Roscoeview","street":"Skiles Walks"},"phone":"(254)954-1289","name":"Chelsey Dietrich","company":{"bs":"revolutionize end-to-end systems","catchPhrase":"User-centric fault-tolerant solution","name":"Keebler LLC"},"id":5,"email":"Lucio_Hettinger@annie.ca","username":"Kamren"},{"website":"ola.org","address":{"zipcode":"23505-1337","geo":{"lng":"71.7478","lat":"-71.4197"},"suite":"Apt. 950","city":"South Christy","street":"Norberto Crossing"},"phone":"1-477-935-8478 x6430","name":"Mrs. Dennis Schulist","company":{"bs":"e-enable innovative applications","catchPhrase":"Synchronised bottom-line interface","name":"Considine-Lockman"},"id":6,"email":"Karley_Dach@jasper.info","username":"Leopoldo_Corkery"},{"website":"elvis.io","address":{"zipcode":"58804-1099","geo":{"lng":"21.8984","lat":"24.8918"},"suite":"Suite 280","city":"Howemouth","street":"Rex Trail"},"phone":"210.067.6132","name":"Kurtis Weissnat","company":{"bs":"generate enterprise e-tailers","catchPhrase":"Configurable multimedia task-force","name":"Johns Group"},"id":7,"email":"Telly.Hoeger@billy.biz","username":"Elwyn.Skiles"},{"website":"jacynthe.com","address":{"zipcode":"45169","geo":{"lng":"-120.7677","lat":"-14.3990"},"suite":"Suite 729","city":"Aliyaview","street":"Ellsworth Summit"},"phone":"586.493.6943 x140","name":"Nicholas Runolfsdottir V","company":{"bs":"e-enable extensible e-tailers","catchPhrase":"Implemented secondary concept","name":"Abernathy Group"},"id":8,"email":"Sherwood@rosamond.me","username":"Maxime_Nienow"},{"website":"conrad.com","address":{"zipcode":"76495-3109","geo":{"lng":"-168.8889","lat":"24.6463"},"suite":"Suite 449","city":"Bartholomebury","street":"Dayna Park"},"phone":"(775)976-6794 x41206","name":"Glenna Reichert","company":{"bs":"aggregate real-time technologies","catchPhrase":"Switchable contextually-based project","name":"Yost and Sons"},"id":9,"email":"Chaim_McDermott@dana.io","username":"Delphine"},{"website":"ambrose.net","address":{"zipcode":"31428-2261","geo":{"lng":"57.2232","lat":"-38.2386"},"suite":"Suite 198","city":"Lebsackbury","street":"Kattie Turnpike"},"phone":"024-648-3804","name":"Clementina DuBuque","company":{"bs":"target end-to-end models","catchPhrase":"Centralized empowering task-force","name":"Hoeger LLC"},"id":10,"email":"Rey.Padberg@karina.biz","username":"Moriah.Stanton"}]
09:28:09.301 [pool-1-thread-2] DEBUG com.intuit.karate - response time in milliseconds: 1298
1 < 201
1 < Date: Fri, 11 Jun 2021 07:28:20 GMT
1 < Content-Type: application/json; charset=utf-8
1 < Content-Length: 216
1 < Connection: keep-alive
1 < X-Powered-By: Express
1 < X-Ratelimit-Limit: 1000
1 < X-Ratelimit-Remaining: 999
1 < X-Ratelimit-Reset: 1623396535
1 < Vary: Origin, X-HTTP-Method-Override, Accept-Encoding
1 < Access-Control-Allow-Credentials: true
1 < Cache-Control: no-cache
1 < Pragma: no-cache
1 < Expires: -1
1 < Access-Control-Expose-Headers: Location
1 < Location: http://jsonplaceholder.typicode.com/users/11
1 < X-Content-Type-Options: nosniff
1 < Etag: W/"d8-pYV7+YuMGP2hxHPU9ARrf97ifDA"
1 < Via: 1.1 vegur
1 < CF-Cache-Status: DYNAMIC
1 < cf-request-id: 0a9b91dbd60000331d88867000000001
1 < Expect-CT: max-age=604800, report-uri="https://report-uri.cloudflare.com/cdn-cgi/beacon/expect-ct"
1 < Report-To: {"endpoints":[{"url":"https:\/\/a.nel.cloudflare.com\/report\/v2?s=KaFqPnsPhN%2FqTn0S6YbUNy5WRjebD39HbxEuND1X0VaOIA2D%2FuE3D7wg%2FzFiEJxtiAUFh1hgzpzP8LX21Oq68H%2Fm8SEysGVfx%2Fs0vABZP0Isb7JquApcMFssalAC2dugxwFvIKxyJMhWIw%3D%3D"}],"group":"cf-nel","max_age":604800}
1 < NEL: {"report_to":"cf-nel","max_age":604800}
1 < Server: cloudflare
1 < CF-RAY: 65d91f3fb916331d-CDG
1 < alt-svc: h3-27=":443"; ma=86400, h3-28=":443"; ma=86400, h3-29=":443"; ma=86400, h3=":443"; ma=86400
{"address":{"zipcode":"54321-6789","suite":"Apt. 123","city":"Electri","street":"Has No Name"},"name":"Test User","id":11,"email":"test@user.com","username":"testuser"}
09:28:09.356 [pool-1-thread-2] INFO  com.intuit.karate - [print] created id is:  11 
09:28:09.377 [pool-1-thread-2] DEBUG com.intuit.karate - request:
2 > GET https://jsonplaceholder.typicode.com/users/11
2 > Host: jsonplaceholder.typicode.com
2 > Connection: Keep-Alive
2 > User-Agent: Apache-HttpClient/4.5.13 (Java/11.0.11)
2 > Accept-Encoding: gzip,deflate


09:28:09.387 [pool-1-thread-1] DEBUG com.intuit.karate - request:
2 > GET https://jsonplaceholder.typicode.com/users/1
2 > Host: jsonplaceholder.typicode.com
2 > Connection: Keep-Alive
2 > User-Agent: Apache-HttpClient/4.5.13 (Java/11.0.11)
2 > Accept-Encoding: gzip,deflate


09:28:10.356 [pool-1-thread-2] DEBUG com.intuit.karate - response time in milliseconds: 435
2 < 404
2 < Date: Fri, 11 Jun 2021 07:28:21 GMT
2 < Content-Type: application/json; charset=utf-8
2 < Content-Length: 2
2 < Connection: keep-alive
2 < X-Powered-By: Express
2 < X-Ratelimit-Limit: 1000
2 < X-Ratelimit-Remaining: 999
2 < X-Ratelimit-Reset: 1623382375
2 < Vary: Origin, Accept-Encoding
2 < Access-Control-Allow-Credentials: true
2 < Cache-Control: max-age=43200
2 < Pragma: no-cache
2 < Expires: -1
2 < X-Content-Type-Options: nosniff
2 < Etag: W/"2-vyGp6PvFo4RvsFtPoIWeCReyIC8"
2 < Via: 1.1 vegur
2 < CF-Cache-Status: HIT
2 < Age: 14130
2 < cf-request-id: 0a9b91de460000ee1b632ed000000001
2 < Expect-CT: max-age=604800, report-uri="https://report-uri.cloudflare.com/cdn-cgi/beacon/expect-ct"
2 < Report-To: {"endpoints":[{"url":"https:\/\/a.nel.cloudflare.com\/report\/v2?s=P9d26BUmWn6COrhGcqwRXfmnDPg2b%2BBVWWj8ldMulmaKFfhp%2BZ%2FDb26k1OY7xgBWYHOf6cgNk5X6krPpp%2F7Jpr34AyKd8z55xrAW2U9vI2kQORw2k1hAr%2BxCJMpvao40HBPLTMIE2W0xTw%3D%3D"}],"group":"cf-nel","max_age":604800}
2 < NEL: {"report_to":"cf-nel","max_age":604800}
2 < Server: cloudflare
2 < CF-RAY: 65d91f43aa57ee1b-CDG
2 < alt-svc: h3-27=":443"; ma=86400, h3-28=":443"; ma=86400, h3-29=":443"; ma=86400, h3=":443"; ma=86400
{}
09:28:10.361 [pool-1-thread-2] ERROR com.intuit.karate - classpath:examples/users/users.feature:44
Then status 200
status code was: 404, expected: 200, response time in milliseconds: 435, url: https://jsonplaceholder.typicode.com/users/11, response: 
{}
classpath:examples/users/users.feature:44
09:28:10.501 [pool-1-thread-1] DEBUG com.intuit.karate - response time in milliseconds: 1096
2 < 200
2 < Date: Fri, 11 Jun 2021 07:28:21 GMT
2 < Content-Type: application/json; charset=utf-8
2 < Transfer-Encoding: chunked
2 < Connection: keep-alive
2 < X-Powered-By: Express
2 < X-Ratelimit-Limit: 1000
2 < X-Ratelimit-Remaining: 999
2 < X-Ratelimit-Reset: 1622225851
2 < Vary: Origin, Accept-Encoding
2 < Access-Control-Allow-Credentials: true
2 < Cache-Control: max-age=43200
2 < Pragma: no-cache
2 < Expires: -1
2 < X-Content-Type-Options: nosniff
2 < Etag: W/"1fd-+2Y3G3w049iSZtw5t1mzSnunngE"
2 < Via: 1.1 vegur
2 < CF-Cache-Status: HIT
2 < Age: 10108
2 < cf-request-id: 0a9b91e1590000693671055000000001
2 < Expect-CT: max-age=604800, report-uri="https://report-uri.cloudflare.com/cdn-cgi/beacon/expect-ct"
2 < Report-To: {"endpoints":[{"url":"https:\/\/a.nel.cloudflare.com\/report\/v2?s=%2FU0ErFAzeVFx3v8ye%2BmXeJwuDnqKpjjDI3Ie7A4QUDKpFc%2BMMuCFvr8GWEng8JnrzN%2BM0hEUSjqu%2FvXKHkILzURthmivEGBhzcLqEN3g4Vl2Y5MEqsNBwiFKkm%2Fm11TgRhC0Oa%2FV06C6Lw%3D%3D"}],"group":"cf-nel","max_age":604800}
2 < NEL: {"report_to":"cf-nel","max_age":604800}
2 < Server: cloudflare
2 < CF-RAY: 65d91f488f206936-CDG
2 < alt-svc: h3-27=":443"; ma=86400, h3-28=":443"; ma=86400, h3-29=":443"; ma=86400, h3=":443"; ma=86400
{"website":"hildegard.org","address":{"zipcode":"92998-3874","geo":{"lng":"81.1496","lat":"-37.3159"},"suite":"Apt. 556","city":"Gwenborough","street":"Kulas Light"},"phone":"1-770-736-8031 x56442","name":"Leanne Graham","company":{"bs":"harness real-time e-markets","catchPhrase":"Multi-layered client-server neural-net","name":"Romaguera-Crona"},"id":1,"email":"Sincere@april.biz","username":"Bret"}
---------------------------------------------------------
feature: classpath:examples/users/users.feature
scenarios:  2 | passed:  1 | failed:  1 | time: 7.5615
---------------------------------------------------------

09:28:12.267 [pool-2-thread-1] INFO  com.intuit.karate.Suite - <<fail>> feature 1 of 1 (0 remaining) classpath:examples/users/users.feature
Karate version: 1.0.1
======================================================
elapsed:  12.75 | threads:    5 | thread time: 7.56 
features:     1 | skipped:    0 | efficiency: 0.12
scenarios:    2 | passed:     1 | failed: 1
======================================================
>>> failed features:
status code was: 404, expected: 200, response time in milliseconds: 435, url: https://jsonplaceholder.typicode.com/users/11, response: 
{}
classpath:examples/users/users.feature:44
<<<

HTML report: (paste into browser to view) | Karate version: 1.0.1
file:///home/javi/Desktop/prueba/karate-tests/egarsat_api_tests/target/karate-reports/karate-summary.html
===================================================================

]]></system-out>
  </testcase>
</testsuite>