<?xml version="1.0" encoding="UTF-8" ?>
<testsuite tests="3" failures="0" name="de.fraunhofer.iais.eis.ids.broker.handler.RegistrationHandlerTest" time="13.898" errors="0" skipped="0">
  <properties>
[...]
</properties>
  <testcase classname="de.fraunhofer.iais.eis.ids.broker.handler.RegistrationHandlerTest" name="handleUnregister" time="12.209"/>
  <testcase classname="de.fraunhofer.iais.eis.ids.broker.handler.RegistrationHandlerTest" name="handleUpdate" time="0.933"/>
  <testcase classname="de.fraunhofer.iais.eis.ids.broker.handler.RegistrationHandlerTest" name="handleRegister" time="0.756"/>
</testsuite>